<?xml version="1.0" encoding="UTF-8"?>
<!-- Generated by org.testng.reporters.JUnitReportReporter -->
<testsuite hostname="DESKTOP-1N9PPLJ" failures="0" tests="2" name="test.KhanAcademyLoginTest" time="48.410" errors="0" timestamp="2022-11-12T23:26:39 IST" skipped="0">
  <testcase classname="test.KhanAcademyLoginTest" name="khanAcademyTest" time="21.365"/>
  <system-out/>
  <testcase classname="test.KhanAcademyLoginTest" name="khanAcademyTest" time="27.045"/>
  <system-out/>
</testsuite> <!-- test.KhanAcademyLoginTest -->
